<?xml version="1.0" encoding="UTF-8"?>
<!-- Generated by org.testng.reporters.JUnitXMLReporter -->
<testsuite hostname="pcybaek" ignored="0" name="validate Login" tests="2" failures="1" timestamp="02 Jul 2020 21:06:08 GMT" time="13.632" errors="0">
  <testcase name="LoginPageTest" time="3.788" classname="ShypTest.LoginTest"/>
  <testcase name="LoginPageTest" time="3.804" classname="ShypTest.LoginTest">
    <failure type="java.lang.NullPointerException">
      <![CDATA[java.lang.NullPointerException
at Resources.base.getScreenShotPath(base.java:65)
at ShypTest.Listeners.onTestSuccess(Listeners.java:75)
at java.util.concurrent.FutureTask.run(FutureTask.java:266)
at java.util.concurrent.ThreadPoolExecutor.runWorker(ThreadPoolExecutor.java:1149)
at java.util.concurrent.ThreadPoolExecutor$Worker.run(ThreadPoolExecutor.java:624)
at java.lang.Thread.run(Thread.java:748)
... Removed 13 stack frames]]>
    </failure>
  </testcase> <!-- LoginPageTest -->
</testsuite> <!-- validate Login -->
