<?xml version="1.0" encoding="UTF-8"?>
<testng-results skipped="0" failed="0" ignored="0" total="0" passed="0">
  <reporter-output>
  </reporter-output>
  <suite name="Suite" duration-ms="16" started-at="2020-07-02T21:05:55Z" finished-at="2020-07-02T21:05:55Z">
    <groups>
    </groups>
    <test name="validate Registration 1" duration-ms="16" started-at="2020-07-02T21:05:55Z" finished-at="2020-07-02T21:05:55Z">
    </test> <!-- validate Registration 1 -->
  </suite> <!-- Suite -->
</testng-results>
